Using pre-set license
Built from '2021.3/staging' branch; Version is '2021.3.11f1 (0a5ca18544bf) revision 679073'; Using compiler version '192829333'; Build Type 'Release'
OS: 'Windows 11  (10.0.22621) 64bit Core' Language: 'en' Physical Memory: 16204 MB
BatchMode: 1, IsHumanControllingUs: 0, StartBugReporterOnCrash: 0, Is64bit: 1, IsPro: 1

COMMAND LINE ARGUMENTS:
C:\Program Files\Unity\Hub\Editor\2021.3.11f1\Editor\Unity.exe
-adb2
-batchMode
-noUpm
-name
AssetImportWorker2
-projectPath
D:/Main Contents/Unity/GitHub/Slurpy-Samuel/Slurpy Samuel
-logFile
Logs/AssetImportWorker2.log
-srvPort
58321
Successfully changed project path to: D:/Main Contents/Unity/GitHub/Slurpy-Samuel/Slurpy Samuel
D:/Main Contents/Unity/GitHub/Slurpy-Samuel/Slurpy Samuel
[UnityMemory] Configuration Parameters - Can be set up in boot.config
    "memorysetup-bucket-allocator-granularity=16"
    "memorysetup-bucket-allocator-bucket-count=8"
    "memorysetup-bucket-allocator-block-size=33554432"
    "memorysetup-bucket-allocator-block-count=8"
    "memorysetup-main-allocator-block-size=16777216"
    "memorysetup-thread-allocator-block-size=16777216"
    "memorysetup-gfx-main-allocator-block-size=16777216"
    "memorysetup-gfx-thread-allocator-block-size=16777216"
    "memorysetup-cache-allocator-block-size=4194304"
    "memorysetup-typetree-allocator-block-size=2097152"
    "memorysetup-profiler-bucket-allocator-granularity=16"
    "memorysetup-profiler-bucket-allocator-bucket-count=8"
    "memorysetup-profiler-bucket-allocator-block-size=33554432"
    "memorysetup-profiler-bucket-allocator-block-count=8"
    "memorysetup-profiler-allocator-block-size=16777216"
    "memorysetup-profiler-editor-allocator-block-size=1048576"
    "memorysetup-temp-allocator-size-main=16777216"
    "memorysetup-job-temp-allocator-block-size=2097152"
    "memorysetup-job-temp-allocator-block-size-background=1048576"
    "memorysetup-job-temp-allocator-reduction-small-platforms=262144"
    "memorysetup-temp-allocator-size-background-worker=32768"
    "memorysetup-temp-allocator-size-job-worker=262144"
    "memorysetup-temp-allocator-size-preload-manager=33554432"
    "memorysetup-temp-allocator-size-nav-mesh-worker=65536"
    "memorysetup-temp-allocator-size-audio-worker=65536"
    "memorysetup-temp-allocator-size-cloud-worker=32768"
    "memorysetup-temp-allocator-size-gi-baking-worker=262144"
    "memorysetup-temp-allocator-size-gfx=262144"
Refreshing native plugins compatible for Editor in 127.32 ms, found 3 plugins.
Preloading 0 native plugins for Editor in 0.00 ms.
Initialize engine version: 2021.3.11f1 (0a5ca18544bf)
[Subsystems] Discovering subsystems at path C:/Program Files/Unity/Hub/Editor/2021.3.11f1/Editor/Data/Resources/UnitySubsystems
[Subsystems] Discovering subsystems at path D:/Main Contents/Unity/GitHub/Slurpy-Samuel/Slurpy Samuel/Assets
GfxDevice: creating device client; threaded=0; jobified=0
Direct3D:
    Version:  Direct3D 11.0 [level 11.1]
    Renderer: NVIDIA GeForce RTX 2060 (ID=0x1f15)
    Vendor:   NVIDIA
    VRAM:     5968 MB
    Driver:   31.0.15.2849
Initialize mono
Mono path[0] = 'C:/Program Files/Unity/Hub/Editor/2021.3.11f1/Editor/Data/Managed'
Mono path[1] = 'C:/Program Files/Unity/Hub/Editor/2021.3.11f1/Editor/Data/MonoBleedingEdge/lib/mono/unityjit-win32'
Mono config path = 'C:/Program Files/Unity/Hub/Editor/2021.3.11f1/Editor/Data/MonoBleedingEdge/etc'
Using monoOptions --debugger-agent=transport=dt_socket,embedding=1,server=y,suspend=n,address=127.0.0.1:56704
Begin MonoManager ReloadAssembly
Registering precompiled unity dll's ...
Register platform support module: C:/Program Files/Unity/Hub/Editor/2021.3.11f1/Editor/Data/PlaybackEngines/WindowsStandaloneSupport/UnityEditor.WindowsStandalone.Extensions.dll
Registered in 0.005260 seconds.
Native extension for WindowsStandalone target not found
Refreshing native plugins compatible for Editor in 121.61 ms, found 3 plugins.
Preloading 0 native plugins for Editor in 0.00 ms.
Mono: successfully reloaded assembly
- Completed reload, in  0.718 seconds
Domain Reload Profiling:
	ReloadAssembly (719ms)
		BeginReloadAssembly (69ms)
			ExecutionOrderSort (0ms)
			DisableScriptedObjects (0ms)
			BackupInstance (0ms)
			ReleaseScriptingObjects (0ms)
			CreateAndSetChildDomain (1ms)
		EndReloadAssembly (533ms)
			LoadAssemblies (66ms)
			RebuildTransferFunctionScriptingTraits (0ms)
			SetupTypeCache (122ms)
			ReleaseScriptCaches (0ms)
			RebuildScriptCaches (30ms)
			SetupLoadedEditorAssemblies (326ms)
				LogAssemblyErrors (0ms)
				InitializePlatformSupportModulesInManaged (7ms)
				SetLoadedEditorAssemblies (0ms)
				RefreshPlugins (122ms)
				BeforeProcessingInitializeOnLoad (2ms)
				ProcessInitializeOnLoadAttributes (149ms)
				ProcessInitializeOnLoadMethodAttributes (46ms)
				AfterProcessingInitializeOnLoad (0ms)
				EditorAssembliesLoaded (0ms)
			ExecutionOrderSort2 (0ms)
			AwakeInstancesAfterBackupRestoration (0ms)
Platform modules already initialized, skipping
Registering precompiled user dll's ...
Registered in 0.007158 seconds.
Begin MonoManager ReloadAssembly
Symbol file LoadedFromMemory doesn't match image D:\Main Contents\Unity\GitHub\Slurpy-Samuel\Slurpy Samuel\Library\PackageCache\com.unity.visualscripting@1.7.8\Editor\VisualScripting.Core\Dependencies\YamlDotNet\Unity.VisualScripting.YamlDotNet.dll
Symbol file LoadedFromMemory doesn't match image D:\Main Contents\Unity\GitHub\Slurpy-Samuel\Slurpy Samuel\Library\PackageCache\com.unity.visualscripting@1.7.8\Editor\VisualScripting.Core\Dependencies\DotNetZip\Unity.VisualScripting.IonicZip.dll
Native extension for WindowsStandalone target not found
Refreshing native plugins compatible for Editor in 120.86 ms, found 3 plugins.
Preloading 0 native plugins for Editor in 0.00 ms.
Mono: successfully reloaded assembly
- Completed reload, in  7.226 seconds
Domain Reload Profiling:
	ReloadAssembly (7227ms)
		BeginReloadAssembly (117ms)
			ExecutionOrderSort (0ms)
			DisableScriptedObjects (5ms)
			BackupInstance (0ms)
			ReleaseScriptingObjects (0ms)
			CreateAndSetChildDomain (22ms)
		EndReloadAssembly (6918ms)
			LoadAssemblies (4288ms)
			RebuildTransferFunctionScriptingTraits (0ms)
			SetupTypeCache (809ms)
			ReleaseScriptCaches (1ms)
			RebuildScriptCaches (70ms)
			SetupLoadedEditorAssemblies (1705ms)
				LogAssemblyErrors (0ms)
				InitializePlatformSupportModulesInManaged (4ms)
				SetLoadedEditorAssemblies (0ms)
				RefreshPlugins (121ms)
				BeforeProcessingInitializeOnLoad (108ms)
				ProcessInitializeOnLoadAttributes (399ms)
				ProcessInitializeOnLoadMethodAttributes (1066ms)
				AfterProcessingInitializeOnLoad (7ms)
				EditorAssembliesLoaded (0ms)
			ExecutionOrderSort2 (0ms)
			AwakeInstancesAfterBackupRestoration (8ms)
Platform modules already initialized, skipping
========================================================================
Worker process is ready to serve import requests
Launched and connected shader compiler UnityShaderCompiler.exe after 0.08 seconds
Refreshing native plugins compatible for Editor in 1.25 ms, found 3 plugins.
Preloading 0 native plugins for Editor in 0.00 ms.
Unloading 5548 Unused Serialized files (Serialized files now loaded: 0)
Unloading 51 unused Assets / (1.9 MB). Loaded Objects now: 6004.
Memory consumption went from 302.0 MB to 300.0 MB.
Total: 5.352200 ms (FindLiveObjects: 0.972800 ms CreateObjectMapping: 0.722000 ms MarkObjects: 2.911700 ms  DeleteObjects: 0.744300 ms)

AssetImportParameters requested are different than current active one (requested -> active):
  custom:video-decoder-ogg-theora: a1e56fd34408186e4bbccfd4996cb3dc -> 
  custom:container-muxer-webm: aa71ff27fc2769a1b78a27578f13a17b -> 
  custom:container-demuxer-webm: 4f35f7cbe854078d1ac9338744f61a02 -> 
  custom:video-encoder-webm-vp8: eb34c28f22e8b96e1ab97ce403110664 -> 
  custom:audio-encoder-webm-vorbis: bf7c407c2cedff20999df2af8eb42d56 -> 
  custom:framework-win-MediaFoundation: 216162199b28c13a410421893ffa2e32 -> 
  custom:container-demuxer-ogg: 62fdf1f143b41e24485cea50d1cbac27 -> 
  custom:video-decoder-webm-vp8: 9c59270c3fd7afecdb556c50c9e8de78 -> 
  custom:audio-decoder-ogg-vorbis: bf7c407c2cedff20999df2af8eb42d56 -> 
========================================================================
Received Import Request.
  Time since last request: 174553.948518 seconds.
  path: Packages/com.unity.render-pipelines.universal/Runtime/Materials/ParticlesUnlit.mat
  artifactKey: Guid(e823cd5b5d27c0f4b8256e7c12ee3e6d) Importer(815301076,1909f56bfc062723c751e8b465ee728b)
Start importing Packages/com.unity.render-pipelines.universal/Runtime/Materials/ParticlesUnlit.mat using Guid(e823cd5b5d27c0f4b8256e7c12ee3e6d) Importer(815301076,1909f56bfc062723c751e8b465ee728b)  -> (artifact id: 'b1802f8b65e40ed8ca39264ff976b8a9') in 0.353545 seconds 
========================================================================
Received Import Request.
  Time since last request: 67.566252 seconds.
  path: Assets/Scenes/ParticlePlayground.unity
  artifactKey: Guid(9fba79d5020aead4fb767a3e74bd3577) Importer(815301076,1909f56bfc062723c751e8b465ee728b)
Start importing Assets/Scenes/ParticlePlayground.unity using Guid(9fba79d5020aead4fb767a3e74bd3577) Importer(815301076,1909f56bfc062723c751e8b465ee728b)  -> (artifact id: '5c1c82ea80a4d1b832f394923dd653d4') in 0.005513 seconds 
========================================================================
Received Prepare
Registering precompiled user dll's ...
Registered in 0.007006 seconds.
Begin MonoManager ReloadAssembly
Symbol file LoadedFromMemory doesn't match image D:\Main Contents\Unity\GitHub\Slurpy-Samuel\Slurpy Samuel\Library\PackageCache\com.unity.visualscripting@1.7.8\Editor\VisualScripting.Core\Dependencies\YamlDotNet\Unity.VisualScripting.YamlDotNet.dll
Symbol file LoadedFromMemory doesn't match image D:\Main Contents\Unity\GitHub\Slurpy-Samuel\Slurpy Samuel\Library\PackageCache\com.unity.visualscripting@1.7.8\Editor\VisualScripting.Core\Dependencies\DotNetZip\Unity.VisualScripting.IonicZip.dll
Native extension for WindowsStandalone target not found
Refreshing native plugins compatible for Editor in 1.86 ms, found 3 plugins.
Preloading 0 native plugins for Editor in 0.00 ms.
Mono: successfully reloaded assembly
- Completed reload, in  1.634 seconds
Domain Reload Profiling:
	ReloadAssembly (1635ms)
		BeginReloadAssembly (174ms)
			ExecutionOrderSort (0ms)
			DisableScriptedObjects (10ms)
			BackupInstance (0ms)
			ReleaseScriptingObjects (0ms)
			CreateAndSetChildDomain (61ms)
		EndReloadAssembly (1348ms)
			LoadAssemblies (114ms)
			RebuildTransferFunctionScriptingTraits (0ms)
			SetupTypeCache (481ms)
			ReleaseScriptCaches (2ms)
			RebuildScriptCaches (56ms)
			SetupLoadedEditorAssemblies (567ms)
				LogAssemblyErrors (0ms)
				InitializePlatformSupportModulesInManaged (14ms)
				SetLoadedEditorAssemblies (1ms)
				RefreshPlugins (2ms)
				BeforeProcessingInitializeOnLoad (114ms)
				ProcessInitializeOnLoadAttributes (332ms)
				ProcessInitializeOnLoadMethodAttributes (96ms)
				AfterProcessingInitializeOnLoad (7ms)
				EditorAssembliesLoaded (0ms)
			ExecutionOrderSort2 (0ms)
			AwakeInstancesAfterBackupRestoration (25ms)
Platform modules already initialized, skipping
Refreshing native plugins compatible for Editor in 6.43 ms, found 3 plugins.
Preloading 0 native plugins for Editor in 0.00 ms.
Unloading 5777 Unused Serialized files (Serialized files now loaded: 0)
Unloading 63 unused Assets / (3.9 MB). Loaded Objects now: 6468.
Memory consumption went from 316.8 MB to 312.9 MB.
Total: 21.996900 ms (FindLiveObjects: 2.386300 ms CreateObjectMapping: 1.759800 ms MarkObjects: 13.289000 ms  DeleteObjects: 4.558200 ms)

AssetImportParameters requested are different than current active one (requested -> active):
  custom:video-decoder-ogg-theora: a1e56fd34408186e4bbccfd4996cb3dc -> 
  custom:container-muxer-webm: aa71ff27fc2769a1b78a27578f13a17b -> 
  custom:container-demuxer-webm: 4f35f7cbe854078d1ac9338744f61a02 -> 
  custom:video-encoder-webm-vp8: eb34c28f22e8b96e1ab97ce403110664 -> 
  custom:audio-encoder-webm-vorbis: bf7c407c2cedff20999df2af8eb42d56 -> 
  custom:framework-win-MediaFoundation: 216162199b28c13a410421893ffa2e32 -> 
  custom:container-demuxer-ogg: 62fdf1f143b41e24485cea50d1cbac27 -> 
  custom:video-decoder-webm-vp8: 9c59270c3fd7afecdb556c50c9e8de78 -> 
  custom:audio-decoder-ogg-vorbis: bf7c407c2cedff20999df2af8eb42d56 -> 
========================================================================
Received Import Request.
  Time since last request: 695.987672 seconds.
  path: Assets/Scenes/Playground.unity
  artifactKey: Guid(99c9720ab356a0642a771bea13969a05) Importer(815301076,1909f56bfc062723c751e8b465ee728b)
Start importing Assets/Scenes/Playground.unity using Guid(99c9720ab356a0642a771bea13969a05) Importer(815301076,1909f56bfc062723c751e8b465ee728b)  -> (artifact id: '46ad7b0a303456f6d6949ce3758da151') in 0.042968 seconds 
========================================================================
Received Import Request.
  Time since last request: 12.306593 seconds.
  path: Assets/Materials/Ground.mat
  artifactKey: Guid(5085ff06bb1756740ae0202bc072ce25) Importer(815301076,1909f56bfc062723c751e8b465ee728b)
Start importing Assets/Materials/Ground.mat using Guid(5085ff06bb1756740ae0202bc072ce25) Importer(815301076,1909f56bfc062723c751e8b465ee728b)  -> (artifact id: '36256211dee8e94acafb1a6a123763c4') in 0.380386 seconds 
========================================================================
Received Import Request.
  Time since last request: 12.763936 seconds.
  path: Assets/Scenes/ParticlePlayground.unity
  artifactKey: Guid(9fba79d5020aead4fb767a3e74bd3577) Importer(815301076,1909f56bfc062723c751e8b465ee728b)
Start importing Assets/Scenes/ParticlePlayground.unity using Guid(9fba79d5020aead4fb767a3e74bd3577) Importer(815301076,1909f56bfc062723c751e8b465ee728b)  -> (artifact id: '736c89023066a549aa9d58cf3635fe9c') in 0.006840 seconds 
========================================================================
Received Import Request.
  Time since last request: 34.120938 seconds.
  path: Assets/Materials/Ground.mat
  artifactKey: Guid(5085ff06bb1756740ae0202bc072ce25) Importer(815301076,1909f56bfc062723c751e8b465ee728b)
Start importing Assets/Materials/Ground.mat using Guid(5085ff06bb1756740ae0202bc072ce25) Importer(815301076,1909f56bfc062723c751e8b465ee728b)  -> (artifact id: '06c1f4c8a1518fe38673aad52c88b6e1') in 0.480098 seconds 
========================================================================
Received Import Request.
  Time since last request: 734.087220 seconds.
  path: Assets/Materials/Ground.mat
  artifactKey: Guid(5085ff06bb1756740ae0202bc072ce25) Importer(815301076,1909f56bfc062723c751e8b465ee728b)
Start importing Assets/Materials/Ground.mat using Guid(5085ff06bb1756740ae0202bc072ce25) Importer(815301076,1909f56bfc062723c751e8b465ee728b)  -> (artifact id: '46195b382ea962a4040a30ffc78749e0') in 0.073986 seconds 
========================================================================
Received Import Request.
  Time since last request: 22.034109 seconds.
  path: Assets/Forceling
  artifactKey: Guid(3484cc59da43dbc47acba8f75f84bc07) Importer(815301076,1909f56bfc062723c751e8b465ee728b)
Start importing Assets/Forceling using Guid(3484cc59da43dbc47acba8f75f84bc07) Importer(815301076,1909f56bfc062723c751e8b465ee728b)  -> (artifact id: '61782cc003ccf61d43343cd3f67a9eb8') in 0.007731 seconds 
========================================================================
Received Import Request.
  Time since last request: 1.032230 seconds.
  path: Assets/Forceling/ForcelingWorldGrid
  artifactKey: Guid(ebc3f706886157d49b1b9d6b2700eb68) Importer(815301076,1909f56bfc062723c751e8b465ee728b)
Start importing Assets/Forceling/ForcelingWorldGrid using Guid(ebc3f706886157d49b1b9d6b2700eb68) Importer(815301076,1909f56bfc062723c751e8b465ee728b)  -> (artifact id: 'f573d8a1256968ab76bb3c9eddeafab4') in 0.006153 seconds 
========================================================================
Received Import Request.
  Time since last request: 0.062451 seconds.
  path: Assets/Forceling/ForcelingWorldGrid/Forceling_Grid_1m.tga
  artifactKey: Guid(2ae9b381e6ec6064db6a3327cb292e46) Importer(815301076,1909f56bfc062723c751e8b465ee728b)
Start importing Assets/Forceling/ForcelingWorldGrid/Forceling_Grid_1m.tga using Guid(2ae9b381e6ec6064db6a3327cb292e46) Importer(815301076,1909f56bfc062723c751e8b465ee728b)  -> (artifact id: '6aa9f5f17b3b3745e2d78567576ca7b2') in 0.375542 seconds 
========================================================================
Received Import Request.
  Time since last request: 0.000032 seconds.
  path: Assets/Forceling/ForcelingWorldGrid/Forceling_Grid_1000m.tga
  artifactKey: Guid(fb4f407df453b6846aeb2cba361d7908) Importer(815301076,1909f56bfc062723c751e8b465ee728b)
Start importing Assets/Forceling/ForcelingWorldGrid/Forceling_Grid_1000m.tga using Guid(fb4f407df453b6846aeb2cba361d7908) Importer(815301076,1909f56bfc062723c751e8b465ee728b)  -> (artifact id: '1529026051026ec2f5da12b5594172f6') in 0.013563 seconds 
========================================================================
Received Import Request.
  Time since last request: 0.000038 seconds.
  path: Assets/Forceling/ForcelingWorldGrid/Forceling_WorldGrid.mat
  artifactKey: Guid(5fd3da07078e6674e993ecdace763739) Importer(815301076,1909f56bfc062723c751e8b465ee728b)
Start importing Assets/Forceling/ForcelingWorldGrid/Forceling_WorldGrid.mat using Guid(5fd3da07078e6674e993ecdace763739) Importer(815301076,1909f56bfc062723c751e8b465ee728b)  -> (artifact id: '63dee9593faf5255857814520e2a86ad') in 0.121803 seconds 
========================================================================
Received Import Request.
  Time since last request: 0.000033 seconds.
  path: Assets/Forceling/ForcelingWorldGrid/Forceling_Grid_100m.tga
  artifactKey: Guid(76423238ad244ee47a967824b543e621) Importer(815301076,1909f56bfc062723c751e8b465ee728b)
Start importing Assets/Forceling/ForcelingWorldGrid/Forceling_Grid_100m.tga using Guid(76423238ad244ee47a967824b543e621) Importer(815301076,1909f56bfc062723c751e8b465ee728b)  -> (artifact id: '8f7316a21d4ae1e8c31d641c61cee082') in 0.019980 seconds 
Editor requested this worker to shutdown with reason: Scaling down because of idle timeout
AssetImportWorker is now disconnected from the server
Process exiting
Exiting without the bug reporter. Application will terminate with return code 0