Using pre-set license
Built from '2021.3/staging' branch; Version is '2021.3.11f1 (0a5ca18544bf) revision 679073'; Using compiler version '192829333'; Build Type 'Release'
OS: 'Windows 11  (10.0.22621) 64bit Core' Language: 'en' Physical Memory: 16204 MB
BatchMode: 1, IsHumanControllingUs: 0, StartBugReporterOnCrash: 0, Is64bit: 1, IsPro: 1

COMMAND LINE ARGUMENTS:
C:\Program Files\Unity\Hub\Editor\2021.3.11f1\Editor\Unity.exe
-adb2
-batchMode
-noUpm
-name
AssetImportWorker3
-projectPath
D:/Main Contents/Unity/GitHub/Slurpy-Samuel/Slurpy Samuel
-logFile
Logs/AssetImportWorker3.log
-srvPort
61840
Successfully changed project path to: D:/Main Contents/Unity/GitHub/Slurpy-Samuel/Slurpy Samuel
D:/Main Contents/Unity/GitHub/Slurpy-Samuel/Slurpy Samuel
[UnityMemory] Configuration Parameters - Can be set up in boot.config
    "memorysetup-bucket-allocator-granularity=16"
    "memorysetup-bucket-allocator-bucket-count=8"
    "memorysetup-bucket-allocator-block-size=33554432"
    "memorysetup-bucket-allocator-block-count=8"
    "memorysetup-main-allocator-block-size=16777216"
    "memorysetup-thread-allocator-block-size=16777216"
    "memorysetup-gfx-main-allocator-block-size=16777216"
    "memorysetup-gfx-thread-allocator-block-size=16777216"
    "memorysetup-cache-allocator-block-size=4194304"
    "memorysetup-typetree-allocator-block-size=2097152"
    "memorysetup-profiler-bucket-allocator-granularity=16"
    "memorysetup-profiler-bucket-allocator-bucket-count=8"
    "memorysetup-profiler-bucket-allocator-block-size=33554432"
    "memorysetup-profiler-bucket-allocator-block-count=8"
    "memorysetup-profiler-allocator-block-size=16777216"
    "memorysetup-profiler-editor-allocator-block-size=1048576"
    "memorysetup-temp-allocator-size-main=16777216"
    "memorysetup-job-temp-allocator-block-size=2097152"
    "memorysetup-job-temp-allocator-block-size-background=1048576"
    "memorysetup-job-temp-allocator-reduction-small-platforms=262144"
    "memorysetup-temp-allocator-size-background-worker=32768"
    "memorysetup-temp-allocator-size-job-worker=262144"
    "memorysetup-temp-allocator-size-preload-manager=33554432"
    "memorysetup-temp-allocator-size-nav-mesh-worker=65536"
    "memorysetup-temp-allocator-size-audio-worker=65536"
    "memorysetup-temp-allocator-size-cloud-worker=32768"
    "memorysetup-temp-allocator-size-gi-baking-worker=262144"
    "memorysetup-temp-allocator-size-gfx=262144"
Refreshing native plugins compatible for Editor in 144.79 ms, found 3 plugins.
Preloading 0 native plugins for Editor in 0.00 ms.
Initialize engine version: 2021.3.11f1 (0a5ca18544bf)
[Subsystems] Discovering subsystems at path C:/Program Files/Unity/Hub/Editor/2021.3.11f1/Editor/Data/Resources/UnitySubsystems
[Subsystems] Discovering subsystems at path D:/Main Contents/Unity/GitHub/Slurpy-Samuel/Slurpy Samuel/Assets
GfxDevice: creating device client; threaded=0; jobified=0
Direct3D:
    Version:  Direct3D 11.0 [level 11.1]
    Renderer: NVIDIA GeForce RTX 2060 (ID=0x1f15)
    Vendor:   NVIDIA
    VRAM:     5968 MB
    Driver:   31.0.15.2756
Initialize mono
Mono path[0] = 'C:/Program Files/Unity/Hub/Editor/2021.3.11f1/Editor/Data/Managed'
Mono path[1] = 'C:/Program Files/Unity/Hub/Editor/2021.3.11f1/Editor/Data/MonoBleedingEdge/lib/mono/unityjit-win32'
Mono config path = 'C:/Program Files/Unity/Hub/Editor/2021.3.11f1/Editor/Data/MonoBleedingEdge/etc'
Using monoOptions --debugger-agent=transport=dt_socket,embedding=1,server=y,suspend=n,address=127.0.0.1:56408
Begin MonoManager ReloadAssembly
Registering precompiled unity dll's ...
Register platform support module: C:/Program Files/Unity/Hub/Editor/2021.3.11f1/Editor/Data/PlaybackEngines/WindowsStandaloneSupport/UnityEditor.WindowsStandalone.Extensions.dll
Registered in 0.005745 seconds.
Native extension for WindowsStandalone target not found
Refreshing native plugins compatible for Editor in 141.15 ms, found 3 plugins.
Preloading 0 native plugins for Editor in 0.00 ms.
Mono: successfully reloaded assembly
- Completed reload, in  0.912 seconds
Domain Reload Profiling:
	ReloadAssembly (913ms)
		BeginReloadAssembly (89ms)
			ExecutionOrderSort (0ms)
			DisableScriptedObjects (0ms)
			BackupInstance (0ms)
			ReleaseScriptingObjects (0ms)
			CreateAndSetChildDomain (1ms)
		EndReloadAssembly (663ms)
			LoadAssemblies (85ms)
			RebuildTransferFunctionScriptingTraits (0ms)
			SetupTypeCache (149ms)
			ReleaseScriptCaches (0ms)
			RebuildScriptCaches (37ms)
			SetupLoadedEditorAssemblies (410ms)
				LogAssemblyErrors (0ms)
				InitializePlatformSupportModulesInManaged (9ms)
				SetLoadedEditorAssemblies (0ms)
				RefreshPlugins (141ms)
				BeforeProcessingInitializeOnLoad (2ms)
				ProcessInitializeOnLoadAttributes (198ms)
				ProcessInitializeOnLoadMethodAttributes (59ms)
				AfterProcessingInitializeOnLoad (0ms)
				EditorAssembliesLoaded (0ms)
			ExecutionOrderSort2 (0ms)
			AwakeInstancesAfterBackupRestoration (0ms)
Platform modules already initialized, skipping
Registering precompiled user dll's ...
Registered in 0.007924 seconds.
Begin MonoManager ReloadAssembly
Symbol file LoadedFromMemory doesn't match image D:\Main Contents\Unity\GitHub\Slurpy-Samuel\Slurpy Samuel\Library\PackageCache\com.unity.visualscripting@1.7.8\Editor\VisualScripting.Core\Dependencies\YamlDotNet\Unity.VisualScripting.YamlDotNet.dll
Symbol file LoadedFromMemory doesn't match image D:\Main Contents\Unity\GitHub\Slurpy-Samuel\Slurpy Samuel\Library\PackageCache\com.unity.visualscripting@1.7.8\Editor\VisualScripting.Core\Dependencies\DotNetZip\Unity.VisualScripting.IonicZip.dll
Native extension for WindowsStandalone target not found
Refreshing native plugins compatible for Editor in 128.93 ms, found 3 plugins.
Preloading 0 native plugins for Editor in 0.00 ms.
Mono: successfully reloaded assembly
- Completed reload, in  3.338 seconds
Domain Reload Profiling:
	ReloadAssembly (3339ms)
		BeginReloadAssembly (139ms)
			ExecutionOrderSort (0ms)
			DisableScriptedObjects (7ms)
			BackupInstance (0ms)
			ReleaseScriptingObjects (0ms)
			CreateAndSetChildDomain (27ms)
		EndReloadAssembly (3049ms)
			LoadAssemblies (1720ms)
			RebuildTransferFunctionScriptingTraits (0ms)
			SetupTypeCache (369ms)
			ReleaseScriptCaches (2ms)
			RebuildScriptCaches (85ms)
			SetupLoadedEditorAssemblies (815ms)
				LogAssemblyErrors (0ms)
				InitializePlatformSupportModulesInManaged (4ms)
				SetLoadedEditorAssemblies (0ms)
				RefreshPlugins (129ms)
				BeforeProcessingInitializeOnLoad (130ms)
				ProcessInitializeOnLoadAttributes (421ms)
				ProcessInitializeOnLoadMethodAttributes (121ms)
				AfterProcessingInitializeOnLoad (10ms)
				EditorAssembliesLoaded (0ms)
			ExecutionOrderSort2 (0ms)
			AwakeInstancesAfterBackupRestoration (8ms)
Platform modules already initialized, skipping
========================================================================
Worker process is ready to serve import requests
Launched and connected shader compiler UnityShaderCompiler.exe after 0.08 seconds
Refreshing native plugins compatible for Editor in 2.10 ms, found 3 plugins.
Preloading 0 native plugins for Editor in 0.00 ms.
Unloading 5518 Unused Serialized files (Serialized files now loaded: 0)
Unloading 49 unused Assets / (1.9 MB). Loaded Objects now: 5960.
Memory consumption went from 224.7 MB to 222.8 MB.
Total: 9.742500 ms (FindLiveObjects: 0.704800 ms CreateObjectMapping: 0.679200 ms MarkObjects: 6.695000 ms  DeleteObjects: 1.659200 ms)

AssetImportParameters requested are different than current active one (requested -> active):
  custom:video-decoder-ogg-theora: a1e56fd34408186e4bbccfd4996cb3dc -> 
  custom:container-muxer-webm: aa71ff27fc2769a1b78a27578f13a17b -> 
  custom:container-demuxer-webm: 4f35f7cbe854078d1ac9338744f61a02 -> 
  custom:video-encoder-webm-vp8: eb34c28f22e8b96e1ab97ce403110664 -> 
  custom:audio-encoder-webm-vorbis: bf7c407c2cedff20999df2af8eb42d56 -> 
  custom:framework-win-MediaFoundation: 216162199b28c13a410421893ffa2e32 -> 
  custom:container-demuxer-ogg: 62fdf1f143b41e24485cea50d1cbac27 -> 
  custom:video-decoder-webm-vp8: 9c59270c3fd7afecdb556c50c9e8de78 -> 
  custom:audio-decoder-ogg-vorbis: bf7c407c2cedff20999df2af8eb42d56 -> 
========================================================================
Received Import Request.
  Time since last request: 1203013.170642 seconds.
  path: Assets/Hovl Studio/MoonSword/Prefabs/MoonSword 1b.prefab
  artifactKey: Guid(d8b3796a4e3c855478f115e4766a895c) Importer(815301076,1909f56bfc062723c751e8b465ee728b)
Start importing Assets/Hovl Studio/MoonSword/Prefabs/MoonSword 1b.prefab using Guid(d8b3796a4e3c855478f115e4766a895c) Importer(815301076,1909f56bfc062723c751e8b465ee728b)  -> (artifact id: 'b1eee165cea468c3fef44e9af9b77a1d') in 4.878459 seconds 
========================================================================
Received Import Request.
  Time since last request: 0.000024 seconds.
  path: Assets/Hovl Studio/MoonSword/Prefabs/MoonSword 3.prefab
  artifactKey: Guid(c30fcbe73b9f9d543998f5e784be6273) Importer(815301076,1909f56bfc062723c751e8b465ee728b)
Start importing Assets/Hovl Studio/MoonSword/Prefabs/MoonSword 3.prefab using Guid(c30fcbe73b9f9d543998f5e784be6273) Importer(815301076,1909f56bfc062723c751e8b465ee728b)  -> (artifact id: '0174034816ffcad87c0c812c63ad7698') in 0.768038 seconds 
========================================================================
Received Import Request.
  Time since last request: 0.000051 seconds.
  path: Assets/Hovl Studio/MoonSword/Prefabs/MoonSword 4.prefab
  artifactKey: Guid(8b5a478f9faf42f40b71f6a836f2db3b) Importer(815301076,1909f56bfc062723c751e8b465ee728b)
Start importing Assets/Hovl Studio/MoonSword/Prefabs/MoonSword 4.prefab using Guid(8b5a478f9faf42f40b71f6a836f2db3b) Importer(815301076,1909f56bfc062723c751e8b465ee728b)  -> (artifact id: 'e635804ecc13ac7b54cc63455844b337') in 0.413772 seconds 
========================================================================
Received Import Request.
  Time since last request: 0.000043 seconds.
  path: Assets/Hovl Studio/MoonSword/Prefabs/MoonSword 5.prefab
  artifactKey: Guid(c3d3646a21160034081ae4ce205b8796) Importer(815301076,1909f56bfc062723c751e8b465ee728b)
Start importing Assets/Hovl Studio/MoonSword/Prefabs/MoonSword 5.prefab using Guid(c3d3646a21160034081ae4ce205b8796) Importer(815301076,1909f56bfc062723c751e8b465ee728b)  -> (artifact id: '21f10b1e9329c2c24c6c155332d4422a') in 0.303615 seconds 
========================================================================
Received Import Request.
  Time since last request: 0.000051 seconds.
  path: Assets/Hovl Studio/MoonSword/Prefabs/MoonSword 6b.prefab
  artifactKey: Guid(f800fcc198377b4408a28f2715b1a60d) Importer(815301076,1909f56bfc062723c751e8b465ee728b)
Start importing Assets/Hovl Studio/MoonSword/Prefabs/MoonSword 6b.prefab using Guid(f800fcc198377b4408a28f2715b1a60d) Importer(815301076,1909f56bfc062723c751e8b465ee728b)  -> (artifact id: '83fa833483be85b98d43757b4d15eb49') in 0.042845 seconds 
========================================================================
Received Import Request.
  Time since last request: 0.000030 seconds.
  path: Assets/Hovl Studio/MoonSword/Prefabs/MoonSword 4b.prefab
  artifactKey: Guid(806c4885915e0154fb0310372bc86ced) Importer(815301076,1909f56bfc062723c751e8b465ee728b)
Start importing Assets/Hovl Studio/MoonSword/Prefabs/MoonSword 4b.prefab using Guid(806c4885915e0154fb0310372bc86ced) Importer(815301076,1909f56bfc062723c751e8b465ee728b)  -> (artifact id: '3a545b5b5156c88ec27bec6259ad1145') in 0.064744 seconds 
========================================================================
Received Import Request.
  Time since last request: 26.406452 seconds.
  path: Assets/Hovl Studio/MoonSword/Prefabs/MoonSword 1b.prefab
  artifactKey: Guid(d8b3796a4e3c855478f115e4766a895c) Importer(815301076,1909f56bfc062723c751e8b465ee728b)
Start importing Assets/Hovl Studio/MoonSword/Prefabs/MoonSword 1b.prefab using Guid(d8b3796a4e3c855478f115e4766a895c) Importer(815301076,1909f56bfc062723c751e8b465ee728b)  -> (artifact id: 'eb49d62dbcc428db59b724d814210118') in 11.858015 seconds 
========================================================================
Received Import Request.
  Time since last request: 0.000033 seconds.
  path: Assets/Hovl Studio/MoonSword/Prefabs/MoonSword 3.prefab
  artifactKey: Guid(c30fcbe73b9f9d543998f5e784be6273) Importer(815301076,1909f56bfc062723c751e8b465ee728b)
Start importing Assets/Hovl Studio/MoonSword/Prefabs/MoonSword 3.prefab using Guid(c30fcbe73b9f9d543998f5e784be6273) Importer(815301076,1909f56bfc062723c751e8b465ee728b)  -> (artifact id: '68276fc157e61778ba9bbad4be23a39b') in 2.249350 seconds 
========================================================================
Received Import Request.
  Time since last request: 0.000122 seconds.
  path: Assets/Hovl Studio/MoonSword/Materials/MoonSword 6.mat
  artifactKey: Guid(87b07c5f274f7234a95f737593b114df) Importer(815301076,1909f56bfc062723c751e8b465ee728b)
Start importing Assets/Hovl Studio/MoonSword/Materials/MoonSword 6.mat using Guid(87b07c5f274f7234a95f737593b114df) Importer(815301076,1909f56bfc062723c751e8b465ee728b)  -> (artifact id: 'c0d616468c73842e47a02f427c5917d9') in 0.041772 seconds 
========================================================================
Received Import Request.
  Time since last request: 0.000030 seconds.
  path: Assets/Hovl Studio/MoonSword/Prefabs/MoonSword 3b.prefab
  artifactKey: Guid(8a92b699d0a75ee4d908a1e35e649cbb) Importer(815301076,1909f56bfc062723c751e8b465ee728b)
Start importing Assets/Hovl Studio/MoonSword/Prefabs/MoonSword 3b.prefab using Guid(8a92b699d0a75ee4d908a1e35e649cbb) Importer(815301076,1909f56bfc062723c751e8b465ee728b)  -> (artifact id: '02ea9eb5b684e73a84a6a645b9da42e6') in 0.099490 seconds 
========================================================================
Received Import Request.
  Time since last request: 0.000025 seconds.
  path: Assets/Hovl Studio/MoonSword/Prefabs/MoonSword 5.prefab
  artifactKey: Guid(c3d3646a21160034081ae4ce205b8796) Importer(815301076,1909f56bfc062723c751e8b465ee728b)
Start importing Assets/Hovl Studio/MoonSword/Prefabs/MoonSword 5.prefab using Guid(c3d3646a21160034081ae4ce205b8796) Importer(815301076,1909f56bfc062723c751e8b465ee728b)  -> (artifact id: '49c35e3257d00fde5c11981d95ec2ebe') in 0.125056 seconds 
========================================================================
Received Import Request.
  Time since last request: 0.000092 seconds.
  path: Assets/Hovl Studio/MoonSword/Prefabs/MoonSword 5b.prefab
  artifactKey: Guid(fe4758ae6aa922442a8e2ddabb84ecdd) Importer(815301076,1909f56bfc062723c751e8b465ee728b)
Start importing Assets/Hovl Studio/MoonSword/Prefabs/MoonSword 5b.prefab using Guid(fe4758ae6aa922442a8e2ddabb84ecdd) Importer(815301076,1909f56bfc062723c751e8b465ee728b)  -> (artifact id: '52c01cb28781a386f83e3ff336974615') in 0.055163 seconds 
========================================================================
Received Import Request.
  Time since last request: 0.000061 seconds.
  path: Assets/Hovl Studio/MoonSword/Prefabs/MoonSword 6b.prefab
  artifactKey: Guid(f800fcc198377b4408a28f2715b1a60d) Importer(815301076,1909f56bfc062723c751e8b465ee728b)
Start importing Assets/Hovl Studio/MoonSword/Prefabs/MoonSword 6b.prefab using Guid(f800fcc198377b4408a28f2715b1a60d) Importer(815301076,1909f56bfc062723c751e8b465ee728b)  -> (artifact id: '85458315736e90bcd783409d58943ad5') in 0.123685 seconds 
========================================================================
Received Import Request.
  Time since last request: 0.000029 seconds.
  path: Assets/Hovl Studio/MoonSword/Prefabs/MoonSword 2.prefab
  artifactKey: Guid(a81125569266fd748ae453657259a0d7) Importer(815301076,1909f56bfc062723c751e8b465ee728b)
Start importing Assets/Hovl Studio/MoonSword/Prefabs/MoonSword 2.prefab using Guid(a81125569266fd748ae453657259a0d7) Importer(815301076,1909f56bfc062723c751e8b465ee728b)  -> (artifact id: '6fac4f2453e3ccbdfeb3bf3b118eff02') in 0.106989 seconds 
========================================================================
Received Import Request.
  Time since last request: 0.000040 seconds.
  path: Assets/Hovl Studio/MoonSword/Materials/Trail21bcg.mat
  artifactKey: Guid(ec194b84f7a17fd419c28602be23444f) Importer(815301076,1909f56bfc062723c751e8b465ee728b)
Start importing Assets/Hovl Studio/MoonSword/Materials/Trail21bcg.mat using Guid(ec194b84f7a17fd419c28602be23444f) Importer(815301076,1909f56bfc062723c751e8b465ee728b)  -> (artifact id: 'a5a1753f352b192d799e3364a92c00cd') in 0.017174 seconds 
========================================================================
Received Import Request.
  Time since last request: 0.000047 seconds.
  path: Assets/Hovl Studio/MoonSword/Materials/Smoke3cg.mat
  artifactKey: Guid(fe3fbcea8e93fec468be670c547e0aa1) Importer(815301076,1909f56bfc062723c751e8b465ee728b)
Start importing Assets/Hovl Studio/MoonSword/Materials/Smoke3cg.mat using Guid(fe3fbcea8e93fec468be670c547e0aa1) Importer(815301076,1909f56bfc062723c751e8b465ee728b)  -> (artifact id: '612d089536cfd061c17172cfe1555ab2') in 0.018236 seconds 
========================================================================
Received Import Request.
  Time since last request: 0.000025 seconds.
  path: Assets/Hovl Studio/MoonSword/Materials/MoonSword 5.mat
  artifactKey: Guid(603bead62c65ff341b36851a34a870ac) Importer(815301076,1909f56bfc062723c751e8b465ee728b)
Start importing Assets/Hovl Studio/MoonSword/Materials/MoonSword 5.mat using Guid(603bead62c65ff341b36851a34a870ac) Importer(815301076,1909f56bfc062723c751e8b465ee728b)  -> (artifact id: 'd31f611cb2090f95c3a6057dceae9fa9') in 0.024780 seconds 
========================================================================
Received Import Request.
  Time since last request: 0.000027 seconds.
  path: Assets/Hovl Studio/MoonSword/Materials/Circle135bcg.mat
  artifactKey: Guid(3e407129239894d4cbad56b933d72ff7) Importer(815301076,1909f56bfc062723c751e8b465ee728b)
Start importing Assets/Hovl Studio/MoonSword/Materials/Circle135bcg.mat using Guid(3e407129239894d4cbad56b933d72ff7) Importer(815301076,1909f56bfc062723c751e8b465ee728b)  -> (artifact id: '35ea6929a6450ec46b2586cb44d50c72') in 0.018312 seconds 
========================================================================
Received Import Request.
  Time since last request: 0.000034 seconds.
  path: Assets/Hovl Studio/MoonSword/Materials/Point12cg.mat
  artifactKey: Guid(9aaa13d175bcf1c4b8acc4d930ee06ee) Importer(815301076,1909f56bfc062723c751e8b465ee728b)
Start importing Assets/Hovl Studio/MoonSword/Materials/Point12cg.mat using Guid(9aaa13d175bcf1c4b8acc4d930ee06ee) Importer(815301076,1909f56bfc062723c751e8b465ee728b)  -> (artifact id: '81caaa2834a83284c53a6065ace92ebc') in 0.014627 seconds 
========================================================================
Received Import Request.
  Time since last request: 0.000059 seconds.
  path: Assets/Hovl Studio/MoonSword/Prefabs/MoonSword 4b.prefab
  artifactKey: Guid(806c4885915e0154fb0310372bc86ced) Importer(815301076,1909f56bfc062723c751e8b465ee728b)
Start importing Assets/Hovl Studio/MoonSword/Prefabs/MoonSword 4b.prefab using Guid(806c4885915e0154fb0310372bc86ced) Importer(815301076,1909f56bfc062723c751e8b465ee728b)  -> (artifact id: 'a576fd9353d8e25e8b890b1e3b3a00dd') in 0.091177 seconds 
========================================================================
Received Import Request.
  Time since last request: 0.000027 seconds.
  path: Assets/Hovl Studio/MoonSword/Materials/MoonSword 4.mat
  artifactKey: Guid(d9da3d8e0a3e2334d8cb352a04e0756c) Importer(815301076,1909f56bfc062723c751e8b465ee728b)
Start importing Assets/Hovl Studio/MoonSword/Materials/MoonSword 4.mat using Guid(d9da3d8e0a3e2334d8cb352a04e0756c) Importer(815301076,1909f56bfc062723c751e8b465ee728b)  -> (artifact id: '5cbe40fbf0ce8b637d2962124986fdda') in 0.020945 seconds 
========================================================================
Received Import Request.
  Time since last request: 0.000024 seconds.
  path: Assets/Hovl Studio/MoonSword/Materials/MoonSword 1.mat
  artifactKey: Guid(5685c8835e9a76a4fb26b4868cbf11e4) Importer(815301076,1909f56bfc062723c751e8b465ee728b)
Start importing Assets/Hovl Studio/MoonSword/Materials/MoonSword 1.mat using Guid(5685c8835e9a76a4fb26b4868cbf11e4) Importer(815301076,1909f56bfc062723c751e8b465ee728b)  -> (artifact id: 'e973b58b230de7fa94ca491d74feb331') in 0.020096 seconds 
========================================================================
Received Import Request.
  Time since last request: 0.000115 seconds.
  path: Assets/Hovl Studio/MoonSword/Materials/MoonSword 2.mat
  artifactKey: Guid(1dbd42bf9841b4c46b31a0c698b5b767) Importer(815301076,1909f56bfc062723c751e8b465ee728b)
Start importing Assets/Hovl Studio/MoonSword/Materials/MoonSword 2.mat using Guid(1dbd42bf9841b4c46b31a0c698b5b767) Importer(815301076,1909f56bfc062723c751e8b465ee728b)  -> (artifact id: 'bc23d5735247cab791c738df17fe7d3d') in 0.018224 seconds 
========================================================================
Received Import Request.
  Time since last request: 193.832434 seconds.
  path: Assets/Hovl Studio/MoonSword/Prefabs/MoonSword 2b.prefab
  artifactKey: Guid(9e3ccb5d46edb7e4095888928abdaa2e) Importer(815301076,1909f56bfc062723c751e8b465ee728b)
Start importing Assets/Hovl Studio/MoonSword/Prefabs/MoonSword 2b.prefab using Guid(9e3ccb5d46edb7e4095888928abdaa2e) Importer(815301076,1909f56bfc062723c751e8b465ee728b)  -> (artifact id: 'cf4bf85e560fae25209d34370bb1742e') in 0.077585 seconds 
========================================================================
Received Import Request.
  Time since last request: 0.000023 seconds.
  path: Assets/Hovl Studio/MoonSword/Prefabs/MoonSword 5.prefab
  artifactKey: Guid(c3d3646a21160034081ae4ce205b8796) Importer(815301076,1909f56bfc062723c751e8b465ee728b)
Start importing Assets/Hovl Studio/MoonSword/Prefabs/MoonSword 5.prefab using Guid(c3d3646a21160034081ae4ce205b8796) Importer(815301076,1909f56bfc062723c751e8b465ee728b)  -> (artifact id: '6a5057a8a9d7e7a2b0a63868f1f4b68a') in 0.024471 seconds 
